CRITICAL - 2023-08-28 23:12:13 --> Unknown column 'a.id' in 'field list'
in SYSTEMPATH/Database/MySQLi/Connection.php on line 292.
 1 SYSTEMPATH/Database/MySQLi/Connection.php(292): mysqli->query('SELECT a.id, a.kategori FROM mas_kategori where a.is_deleted = 0', 0)
 2 SYSTEMPATH/Database/BaseConnection.php(666): CodeIgniter\Database\MySQLi\Connection->execute('SELECT a.id, a.kategori FROM mas_kategori where a.is_deleted = 0')
 3 SYSTEMPATH/Database/BaseConnection.php(593): CodeIgniter\Database\BaseConnection->simpleQuery('SELECT a.id, a.kategori FROM mas_kategori where a.is_deleted = 0')
 4 APPPATH/Core/BaseModel.php(120): CodeIgniter\Database\BaseConnection->query('SELECT a.id, a.kategori FROM mas_kategori where a.is_deleted = 0')
 5 APPPATH/Core/BaseController.php(244): App\Core\BaseModel->base_load_datatable('SELECT a.id, a.kategori FROM mas_kategori where a.is_deleted = 0', [...], '/opt/homebrew/var/www/akasa', '0', '10', 'id', 'asc', null)
 6 APPPATH/Modules/Master/Controllers/MasterAction.php(29): App\Core\BaseController->_loadDatatable('SELECT a.id, a.kategori FROM mas_kategori where a.is_deleted = 0', [...], [...])
 7 APPPATH/Core/BaseController.php(178): App\Modules\Master\Controllers\MasterAction->App\Modules\Master\Controllers\{closure}()
 8 APPPATH/Core/BaseController.php(215): App\Core\BaseController->_auth('load', 'v', Object(Closure))
 9 APPPATH/Modules/Master/Controllers/MasterAction.php(30): App\Core\BaseController->_authLoad(Object(Closure))
10 SYSTEMPATH/CodeIgniter.php(927): App\Modules\Master\Controllers\MasterAction->maskategori_load()
11 SYSTEMPATH/CodeIgniter.php(482): CodeIgniter\CodeIgniter->runController(Object(App\Modules\Master\Controllers\MasterAction))
12 SYSTEMPATH/CodeIgniter.php(351): CodeIgniter\CodeIgniter->handleRequest(null, Object(Config\Cache), false)
13 FCPATH/index.php(67): CodeIgniter\CodeIgniter->run()
CRITICAL - 2023-08-28 23:13:08 --> Unknown column 'a.id' in 'field list'
in SYSTEMPATH/Database/MySQLi/Connection.php on line 292.
 1 SYSTEMPATH/Database/MySQLi/Connection.php(292): mysqli->query('SELECT a.id, a.kategori FROM mas_kategori where a.is_deleted = 0', 0)
 2 SYSTEMPATH/Database/BaseConnection.php(666): CodeIgniter\Database\MySQLi\Connection->execute('SELECT a.id, a.kategori FROM mas_kategori where a.is_deleted = 0')
 3 SYSTEMPATH/Database/BaseConnection.php(593): CodeIgniter\Database\BaseConnection->simpleQuery('SELECT a.id, a.kategori FROM mas_kategori where a.is_deleted = 0')
 4 APPPATH/Core/BaseModel.php(120): CodeIgniter\Database\BaseConnection->query('SELECT a.id, a.kategori FROM mas_kategori where a.is_deleted = 0')
 5 APPPATH/Core/BaseController.php(244): App\Core\BaseModel->base_load_datatable('SELECT a.id, a.kategori FROM mas_kategori where a.is_deleted = 0', [...], '/opt/homebrew/var/www/akasa', '0', '10', 'id', 'asc', null)
 6 APPPATH/Modules/Master/Controllers/MasterAction.php(29): App\Core\BaseController->_loadDatatable('SELECT a.id, a.kategori FROM mas_kategori where a.is_deleted = 0', [...], [...])
 7 APPPATH/Core/BaseController.php(178): App\Modules\Master\Controllers\MasterAction->App\Modules\Master\Controllers\{closure}()
 8 APPPATH/Core/BaseController.php(215): App\Core\BaseController->_auth('load', 'v', Object(Closure))
 9 APPPATH/Modules/Master/Controllers/MasterAction.php(30): App\Core\BaseController->_authLoad(Object(Closure))
10 SYSTEMPATH/CodeIgniter.php(927): App\Modules\Master\Controllers\MasterAction->maskategori_load()
11 SYSTEMPATH/CodeIgniter.php(482): CodeIgniter\CodeIgniter->runController(Object(App\Modules\Master\Controllers\MasterAction))
12 SYSTEMPATH/CodeIgniter.php(351): CodeIgniter\CodeIgniter->handleRequest(null, Object(Config\Cache), false)
13 FCPATH/index.php(67): CodeIgniter\CodeIgniter->run()
CRITICAL - 2023-08-28 23:13:22 --> Unknown column 'a.id' in 'field list'
in SYSTEMPATH/Database/MySQLi/Connection.php on line 292.
 1 SYSTEMPATH/Database/MySQLi/Connection.php(292): mysqli->query('SELECT a.id, a.kategori FROM mas_kategori where a.is_deleted = 0', 0)
 2 SYSTEMPATH/Database/BaseConnection.php(666): CodeIgniter\Database\MySQLi\Connection->execute('SELECT a.id, a.kategori FROM mas_kategori where a.is_deleted = 0')
 3 SYSTEMPATH/Database/BaseConnection.php(593): CodeIgniter\Database\BaseConnection->simpleQuery('SELECT a.id, a.kategori FROM mas_kategori where a.is_deleted = 0')
 4 APPPATH/Core/BaseModel.php(120): CodeIgniter\Database\BaseConnection->query('SELECT a.id, a.kategori FROM mas_kategori where a.is_deleted = 0')
 5 APPPATH/Core/BaseController.php(244): App\Core\BaseModel->base_load_datatable('SELECT a.id, a.kategori FROM mas_kategori where a.is_deleted = 0', [...], '/opt/homebrew/var/www/akasa', '0', '10', 'id', 'asc', null)
 6 APPPATH/Modules/Master/Controllers/MasterAction.php(29): App\Core\BaseController->_loadDatatable('SELECT a.id, a.kategori FROM mas_kategori where a.is_deleted = 0', [...], [...])
 7 APPPATH/Core/BaseController.php(178): App\Modules\Master\Controllers\MasterAction->App\Modules\Master\Controllers\{closure}()
 8 APPPATH/Core/BaseController.php(215): App\Core\BaseController->_auth('load', 'v', Object(Closure))
 9 APPPATH/Modules/Master/Controllers/MasterAction.php(30): App\Core\BaseController->_authLoad(Object(Closure))
10 SYSTEMPATH/CodeIgniter.php(927): App\Modules\Master\Controllers\MasterAction->maskategori_load()
11 SYSTEMPATH/CodeIgniter.php(482): CodeIgniter\CodeIgniter->runController(Object(App\Modules\Master\Controllers\MasterAction))
12 SYSTEMPATH/CodeIgniter.php(351): CodeIgniter\CodeIgniter->handleRequest(null, Object(Config\Cache), false)
13 FCPATH/index.php(67): CodeIgniter\CodeIgniter->run()
CRITICAL - 2023-08-28 23:17:46 --> Undefined index: SELECT a.id, a.kategori FROM mas_kategori where a.is_deleted = 0 and a.id = '4'
in APPPATH/Core/BaseController.php on line 330.
 1 APPPATH/Core/BaseController.php(330): CodeIgniter\Debug\Exceptions->errorHandler(8, 'Undefined index: SELECT a.id, a.kategori FROM mas_kategori where a.is_deleted = 0 and a.id = \'4\'', 'APPPATH/Core/BaseController.php', 330, [...])
 2 APPPATH/Modules/Master/Controllers/MasterAction.php(43): App\Core\BaseController->_edit('mas_kategori', [...], 'SELECT a.id, a.kategori FROM mas_kategori where a.is_deleted = 0 and a.id = \'4\'')
 3 APPPATH/Core/BaseController.php(178): App\Modules\Master\Controllers\MasterAction->App\Modules\Master\Controllers\{closure}()
 4 APPPATH/Core/BaseController.php(200): App\Core\BaseController->_auth('edit', 'e', Object(Closure))
 5 APPPATH/Modules/Master/Controllers/MasterAction.php(44): App\Core\BaseController->_authEdit(Object(Closure))
 6 SYSTEMPATH/CodeIgniter.php(927): App\Modules\Master\Controllers\MasterAction->maskategori_edit()
 7 SYSTEMPATH/CodeIgniter.php(482): CodeIgniter\CodeIgniter->runController(Object(App\Modules\Master\Controllers\MasterAction))
 8 SYSTEMPATH/CodeIgniter.php(351): CodeIgniter\CodeIgniter->handleRequest(null, Object(Config\Cache), false)
 9 FCPATH/index.php(67): CodeIgniter\CodeIgniter->run()
CRITICAL - 2023-08-28 23:18:07 --> Undefined index: SELECT a.id, a.kategori FROM mas_kategori a where a.is_deleted = 0 and a.id = '4'
in APPPATH/Core/BaseController.php on line 330.
 1 APPPATH/Core/BaseController.php(330): CodeIgniter\Debug\Exceptions->errorHandler(8, 'Undefined index: SELECT a.id, a.kategori FROM mas_kategori a where a.is_deleted = 0 and a.id = \'4\'', 'APPPATH/Core/BaseController.php', 330, [...])
 2 APPPATH/Modules/Master/Controllers/MasterAction.php(43): App\Core\BaseController->_edit('mas_kategori', [...], 'SELECT a.id, a.kategori FROM mas_kategori a where a.is_deleted = 0 and a.id = \'4\'')
 3 APPPATH/Core/BaseController.php(178): App\Modules\Master\Controllers\MasterAction->App\Modules\Master\Controllers\{closure}()
 4 APPPATH/Core/BaseController.php(200): App\Core\BaseController->_auth('edit', 'e', Object(Closure))
 5 APPPATH/Modules/Master/Controllers/MasterAction.php(44): App\Core\BaseController->_authEdit(Object(Closure))
 6 SYSTEMPATH/CodeIgniter.php(927): App\Modules\Master\Controllers\MasterAction->maskategori_edit()
 7 SYSTEMPATH/CodeIgniter.php(482): CodeIgniter\CodeIgniter->runController(Object(App\Modules\Master\Controllers\MasterAction))
 8 SYSTEMPATH/CodeIgniter.php(351): CodeIgniter\CodeIgniter->handleRequest(null, Object(Config\Cache), false)
 9 FCPATH/index.php(67): CodeIgniter\CodeIgniter->run()
CRITICAL - 2023-08-28 23:19:22 --> Undefined index: SELECT a.id, a.kategori FROM mas_kategori a where a.is_deleted = 0 and a.id = '4'
in APPPATH/Core/BaseController.php on line 330.
 1 APPPATH/Core/BaseController.php(330): CodeIgniter\Debug\Exceptions->errorHandler(8, 'Undefined index: SELECT a.id, a.kategori FROM mas_kategori a where a.is_deleted = 0 and a.id = \'4\'', 'APPPATH/Core/BaseController.php', 330, [...])
 2 APPPATH/Modules/Master/Controllers/MasterAction.php(43): App\Core\BaseController->_edit('mas_kategori', [...], 'SELECT a.id, a.kategori FROM mas_kategori a where a.is_deleted = 0 and a.id = \'4\'')
 3 APPPATH/Core/BaseController.php(178): App\Modules\Master\Controllers\MasterAction->App\Modules\Master\Controllers\{closure}()
 4 APPPATH/Core/BaseController.php(200): App\Core\BaseController->_auth('edit', 'e', Object(Closure))
 5 APPPATH/Modules/Master/Controllers/MasterAction.php(44): App\Core\BaseController->_authEdit(Object(Closure))
 6 SYSTEMPATH/CodeIgniter.php(927): App\Modules\Master\Controllers\MasterAction->maskategori_edit()
 7 SYSTEMPATH/CodeIgniter.php(482): CodeIgniter\CodeIgniter->runController(Object(App\Modules\Master\Controllers\MasterAction))
 8 SYSTEMPATH/CodeIgniter.php(351): CodeIgniter\CodeIgniter->handleRequest(null, Object(Config\Cache), false)
 9 FCPATH/index.php(67): CodeIgniter\CodeIgniter->run()
CRITICAL - 2023-08-28 23:32:51 --> Invalid file: App\Modules\Master\Views\masmenu.php
in SYSTEMPATH/Exceptions/FrameworkException.php on line 33.
 1 SYSTEMPATH/View/View.php(201): CodeIgniter\Exceptions\FrameworkException::forInvalidFile('App\\Modules\\Master\\Views\\masmenu.php')
 2 SYSTEMPATH/Common.php(1134): CodeIgniter\View\View->render('App\\Modules\\Master\\Views\\masmenu', [], true)
 3 APPPATH/Modules/Main/Views/layoutpage.php(23): view('App\\Modules\\Master\\Views\\masmenu')
 4 SYSTEMPATH/View/View.php(213): include('APPPATH/Modules/Main/Views/layoutpage.php')
 5 SYSTEMPATH/View/View.php(216): CodeIgniter\View\View->CodeIgniter\View\{closure}()
 6 SYSTEMPATH/Common.php(1134): CodeIgniter\View\View->render('App\\Modules\\Main\\Views\\layoutpage', [], true)
 7 APPPATH/Core/BaseController.php(119): view('App\\Modules\\Main\\Views\\layoutpage', [...])
 8 APPPATH/Modules/Master/Controllers/Master.php(47): App\Core\BaseController->_authViewPage([...])
 9 SYSTEMPATH/CodeIgniter.php(927): App\Modules\Master\Controllers\Master->masmenu()
10 SYSTEMPATH/CodeIgniter.php(482): CodeIgniter\CodeIgniter->runController(Object(App\Modules\Master\Controllers\Master))
11 SYSTEMPATH/CodeIgniter.php(351): CodeIgniter\CodeIgniter->handleRequest(null, Object(Config\Cache), false)
12 FCPATH/index.php(67): CodeIgniter\CodeIgniter->run()
CRITICAL - 2023-08-28 23:34:05 --> Undefined property: stdClass::$user_web_role_code
in APPPATH/Modules/Administrator/Views/manuser.php on line 42.
 1 APPPATH/Modules/Administrator/Views/manuser.php(42): CodeIgniter\Debug\Exceptions->errorHandler(8, 'Undefined property: stdClass::$user_web_role_code', 'APPPATH/Modules/Administrator/Views/manuser.php', 42, [...])
 2 SYSTEMPATH/View/View.php(213): include('APPPATH/Modules/Administrator/Views/manuser.php')
 3 SYSTEMPATH/View/View.php(216): CodeIgniter\View\View->CodeIgniter\View\{closure}()
 4 SYSTEMPATH/Common.php(1134): CodeIgniter\View\View->render('App\\Modules\\Administrator\\Views\\manuser', [], true)
 5 APPPATH/Modules/Main/Views/layoutpage.php(23): view('App\\Modules\\Administrator\\Views\\manuser')
 6 SYSTEMPATH/View/View.php(213): include('APPPATH/Modules/Main/Views/layoutpage.php')
 7 SYSTEMPATH/View/View.php(216): CodeIgniter\View\View->CodeIgniter\View\{closure}()
 8 SYSTEMPATH/Common.php(1134): CodeIgniter\View\View->render('App\\Modules\\Main\\Views\\layoutpage', [], true)
 9 APPPATH/Core/BaseController.php(119): view('App\\Modules\\Main\\Views\\layoutpage', [...])
10 APPPATH/Modules/Administrator/Controllers/Administrator.php(87): App\Core\BaseController->_authViewPage([...])
11 SYSTEMPATH/CodeIgniter.php(927): App\Modules\Administrator\Controllers\Administrator->manuser()
12 SYSTEMPATH/CodeIgniter.php(482): CodeIgniter\CodeIgniter->runController(Object(App\Modules\Administrator\Controllers\Administrator))
13 SYSTEMPATH/CodeIgniter.php(351): CodeIgniter\CodeIgniter->handleRequest(null, Object(Config\Cache), false)
14 FCPATH/index.php(67): CodeIgniter\CodeIgniter->run()
CRITICAL - 2023-08-28 23:41:48 --> Undefined variable: kategoris
in APPPATH/Modules/Master/Views/masmenu.php on line 62.
 1 APPPATH/Modules/Master/Views/masmenu.php(62): CodeIgniter\Debug\Exceptions->errorHandler(8, 'Undefined variable: kategoris', 'APPPATH/Modules/Master/Views/masmenu.php', 62, [...])
 2 SYSTEMPATH/View/View.php(213): include('APPPATH/Modules/Master/Views/masmenu.php')
 3 SYSTEMPATH/View/View.php(216): CodeIgniter\View\View->CodeIgniter\View\{closure}()
 4 SYSTEMPATH/Common.php(1134): CodeIgniter\View\View->render('App\\Modules\\Master\\Views\\masmenu', [], true)
 5 APPPATH/Modules/Main/Views/layoutpage.php(23): view('App\\Modules\\Master\\Views\\masmenu')
 6 SYSTEMPATH/View/View.php(213): include('APPPATH/Modules/Main/Views/layoutpage.php')
 7 SYSTEMPATH/View/View.php(216): CodeIgniter\View\View->CodeIgniter\View\{closure}()
 8 SYSTEMPATH/Common.php(1134): CodeIgniter\View\View->render('App\\Modules\\Main\\Views\\layoutpage', [], true)
 9 APPPATH/Core/BaseController.php(119): view('App\\Modules\\Main\\Views\\layoutpage', [...])
10 APPPATH/Modules/Master/Controllers/Master.php(47): App\Core\BaseController->_authViewPage([...])
11 SYSTEMPATH/CodeIgniter.php(927): App\Modules\Master\Controllers\Master->masmenu()
12 SYSTEMPATH/CodeIgniter.php(482): CodeIgniter\CodeIgniter->runController(Object(App\Modules\Master\Controllers\Master))
13 SYSTEMPATH/CodeIgniter.php(351): CodeIgniter\CodeIgniter->handleRequest(null, Object(Config\Cache), false)
14 FCPATH/index.php(67): CodeIgniter\CodeIgniter->run()
